<?xml version="1.0" encoding="UTF-8"?>
<!-- Generated by org.testng.reporters.JUnitReportReporter -->
<testsuite hostname="PC-C02X50H9JGH8" failures="0" tests="1" name="testcases.HomeTest" time="0.001" errors="0" timestamp="2022-03-13T16:13:54 AEDT" skipped="0">
  <testcase classname="testcases.HomeTest" name="test1" time="0.001"/>
  <system-out/>
</testsuite> <!-- testcases.HomeTest -->
