<?xml version="1.0" encoding="UTF-8"?>
<!-- Generated by org.testng.reporters.JUnitReportReporter -->
<testsuite hostname="PC-C02X50H9JGH8" failures="0" tests="4" name="testcases.LoginTest" time="76.354" errors="0" timestamp="2022-03-13T16:13:54 AEDT" skipped="0">
  <testcase classname="testcases.LoginTest" name="LoginFailiureTest" time="18.860"/>
  <system-out/>
  <testcase classname="testcases.LoginTest" name="ExternalDataTest" time="20.526"/>
  <system-out/>
  <testcase classname="testcases.LoginTest" name="ParameterizedTest" time="16.712"/>
  <system-out/>
  <testcase classname="testcases.LoginTest" name="LoginSuccessTest" time="20.256"/>
  <system-out/>
</testsuite> <!-- testcases.LoginTest -->
