<?xml version="1.0" encoding="UTF-8"?>
<!-- Generated by org.testng.reporters.JUnitReportReporter -->
<testsuite skipped="0" hostname="PC-C02X50H9JGH8" name="testcases.HomeTest" tests="1" failures="0" timestamp="2022-03-13T16:16:06 AEDT" time="0.000" errors="0">
  <testcase name="test1" time="0.000" classname="testcases.HomeTest"/>
  <system-out/>
</testsuite> <!-- testcases.HomeTest -->
