<?xml version="1.0" encoding="UTF-8"?>
<!-- Generated by org.testng.reporters.JUnitReportReporter -->
<testsuite skipped="0" hostname="PC-C02X50H9JGH8" name="testcases.LoginTest" tests="4" failures="0" timestamp="2022-03-13T16:16:06 AEDT" time="68.316" errors="0">
  <testcase name="LoginFailiureTest" time="17.827" classname="testcases.LoginTest"/>
  <system-out/>
  <testcase name="LoginSuccessTest" time="17.622" classname="testcases.LoginTest"/>
  <system-out/>
  <testcase name="ExternalDataTest" time="17.177" classname="testcases.LoginTest"/>
  <system-out/>
  <testcase name="ParameterizedTest" time="15.690" classname="testcases.LoginTest"/>
  <system-out/>
</testsuite> <!-- testcases.LoginTest -->
